<?xml version="1.0" encoding="UTF-8"?>
<testsuite xmlns:xsi="http://www.w3.org/2001/XMLSchema-instance" xsi:noNamespaceSchemaLocation="https://maven.apache.org/surefire/maven-surefire-plugin/xsd/surefire-test-report-3.0.xsd" version="3.0" name="FelineTest" time="0.028" tests="5" errors="0" skipped="0" failures="0">
  <properties>
    <property name="sun.desktop" value="windows"/>
    <property name="awt.toolkit" value="sun.awt.windows.WToolkit"/>
    <property name="java.specification.version" value="11"/>
    <property name="sun.cpu.isalist" value="amd64"/>
    <property name="sun.jnu.encoding" value="Cp1251"/>
    <property name="java.class.path" value="C:\Users\Yuriy\Desktop\qa_java-develop\target\test-classes;C:\Users\Yuriy\Desktop\qa_java-develop\target\classes;C:\Users\Yuriy\.m2\repository\org\junit\jupiter\junit-jupiter\5.13.3\junit-jupiter-5.13.3.jar;C:\Users\Yuriy\.m2\repository\org\junit\jupiter\junit-jupiter-api\5.13.3\junit-jupiter-api-5.13.3.jar;C:\Users\Yuriy\.m2\repository\org\opentest4j\opentest4j\1.3.0\opentest4j-1.3.0.jar;C:\Users\Yuriy\.m2\repository\org\junit\platform\junit-platform-commons\1.13.3\junit-platform-commons-1.13.3.jar;C:\Users\Yuriy\.m2\repository\org\apiguardian\apiguardian-api\1.1.2\apiguardian-api-1.1.2.jar;C:\Users\Yuriy\.m2\repository\org\junit\jupiter\junit-jupiter-params\5.13.3\junit-jupiter-params-5.13.3.jar;C:\Users\Yuriy\.m2\repository\org\junit\jupiter\junit-jupiter-engine\5.13.3\junit-jupiter-engine-5.13.3.jar;C:\Users\Yuriy\.m2\repository\org\junit\platform\junit-platform-engine\1.13.3\junit-platform-engine-1.13.3.jar;C:\Users\Yuriy\.m2\repository\org\mockito\mockito-junit-jupiter\5.18.0\mockito-junit-jupiter-5.18.0.jar;C:\Users\Yuriy\.m2\repository\org\mockito\mockito-core\5.18.0\mockito-core-5.18.0.jar;C:\Users\Yuriy\.m2\repository\net\bytebuddy\byte-buddy\1.17.5\byte-buddy-1.17.5.jar;C:\Users\Yuriy\.m2\repository\net\bytebuddy\byte-buddy-agent\1.17.5\byte-buddy-agent-1.17.5.jar;C:\Users\Yuriy\.m2\repository\org\objenesis\objenesis\3.3\objenesis-3.3.jar;"/>
    <property name="java.vm.vendor" value="Amazon.com Inc."/>
    <property name="sun.arch.data.model" value="64"/>
    <property name="user.variant" value=""/>
    <property name="java.vendor.url" value="https://aws.amazon.com/corretto/"/>
    <property name="user.timezone" value="Europe/Moscow"/>
    <property name="java.vm.specification.version" value="11"/>
    <property name="os.name" value="Windows 11"/>
    <property name="sun.java.launcher" value="SUN_STANDARD"/>
    <property name="user.country" value="RU"/>
    <property name="sun.boot.library.path" value="C:\Program Files\Amazon Corretto\jdk11.0.27_6\bin"/>
    <property name="sun.java.command" value="C:\Users\Yuriy\AppData\Local\Temp\surefire17565779505547320624\surefirebooter-20250816201547872_3.jar C:\Users\Yuriy\AppData\Local\Temp\surefire17565779505547320624 2025-08-16T20-15-47_684-jvmRun1 surefire-20250816201547872_1tmp surefire_0-20250816201547872_2tmp"/>
    <property name="jdk.debug" value="release"/>
    <property name="surefire.test.class.path" value="C:\Users\Yuriy\Desktop\qa_java-develop\target\test-classes;C:\Users\Yuriy\Desktop\qa_java-develop\target\classes;C:\Users\Yuriy\.m2\repository\org\junit\jupiter\junit-jupiter\5.13.3\junit-jupiter-5.13.3.jar;C:\Users\Yuriy\.m2\repository\org\junit\jupiter\junit-jupiter-api\5.13.3\junit-jupiter-api-5.13.3.jar;C:\Users\Yuriy\.m2\repository\org\opentest4j\opentest4j\1.3.0\opentest4j-1.3.0.jar;C:\Users\Yuriy\.m2\repository\org\junit\platform\junit-platform-commons\1.13.3\junit-platform-commons-1.13.3.jar;C:\Users\Yuriy\.m2\repository\org\apiguardian\apiguardian-api\1.1.2\apiguardian-api-1.1.2.jar;C:\Users\Yuriy\.m2\repository\org\junit\jupiter\junit-jupiter-params\5.13.3\junit-jupiter-params-5.13.3.jar;C:\Users\Yuriy\.m2\repository\org\junit\jupiter\junit-jupiter-engine\5.13.3\junit-jupiter-engine-5.13.3.jar;C:\Users\Yuriy\.m2\repository\org\junit\platform\junit-platform-engine\1.13.3\junit-platform-engine-1.13.3.jar;C:\Users\Yuriy\.m2\repository\org\mockito\mockito-junit-jupiter\5.18.0\mockito-junit-jupiter-5.18.0.jar;C:\Users\Yuriy\.m2\repository\org\mockito\mockito-core\5.18.0\mockito-core-5.18.0.jar;C:\Users\Yuriy\.m2\repository\net\bytebuddy\byte-buddy\1.17.5\byte-buddy-1.17.5.jar;C:\Users\Yuriy\.m2\repository\net\bytebuddy\byte-buddy-agent\1.17.5\byte-buddy-agent-1.17.5.jar;C:\Users\Yuriy\.m2\repository\org\objenesis\objenesis\3.3\objenesis-3.3.jar;"/>
    <property name="sun.cpu.endian" value="little"/>
    <property name="user.home" value="C:\Users\Yuriy"/>
    <property name="user.language" value="ru"/>
    <property name="java.specification.vendor" value="Oracle Corporation"/>
    <property name="java.version.date" value="2025-04-15"/>
    <property name="java.home" value="C:\Program Files\Amazon Corretto\jdk11.0.27_6"/>
    <property name="file.separator" value="\"/>
    <property name="basedir" value="C:\Users\Yuriy\Desktop\qa_java-develop"/>
    <property name="java.vm.compressedOopsMode" value="Zero based"/>
    <property name="line.separator" value="&#10;"/>
    <property name="java.specification.name" value="Java Platform API Specification"/>
    <property name="java.vm.specification.vendor" value="Oracle Corporation"/>
    <property name="java.awt.graphicsenv" value="sun.awt.Win32GraphicsEnvironment"/>
    <property name="surefire.real.class.path" value="C:\Users\Yuriy\AppData\Local\Temp\surefire17565779505547320624\surefirebooter-20250816201547872_3.jar"/>
    <property name="user.script" value=""/>
    <property name="sun.management.compiler" value="HotSpot 64-Bit Tiered Compilers"/>
    <property name="java.runtime.version" value="11.0.27+6-LTS"/>
    <property name="user.name" value="Yuriy"/>
    <property name="path.separator" value=";"/>
    <property name="os.version" value="10.0"/>
    <property name="java.runtime.name" value="OpenJDK Runtime Environment"/>
    <property name="file.encoding" value="Cp1251"/>
    <property name="java.vm.name" value="OpenJDK 64-Bit Server VM"/>
    <property name="java.vendor.version" value="Corretto-11.0.27.6.1"/>
    <property name="localRepository" value="C:\Users\Yuriy\.m2\repository"/>
    <property name="java.vendor.url.bug" value="https://github.com/corretto/corretto-11/issues/"/>
    <property name="java.io.tmpdir" value="C:\Users\Yuriy\AppData\Local\Temp\"/>
    <property name="java.version" value="11.0.27"/>
    <property name="user.dir" value="C:\Users\Yuriy\Desktop\qa_java-develop"/>
    <property name="os.arch" value="amd64"/>
    <property name="java.vm.specification.name" value="Java Virtual Machine Specification"/>
    <property name="java.awt.printerjob" value="sun.awt.windows.WPrinterJob"/>
    <property name="sun.os.patch.level" value=""/>
    <property name="java.library.path" value="C:\Program Files\Amazon Corretto\jdk11.0.27_6\bin;C:\Windows\Sun\Java\bin;C:\Windows\system32;C:\Windows;C:\Program Files\Amazon Corretto\jdk11.0.27_6\bin;C:\Program Files\Common Files\Oracle\Java\javapath;C:\Program Files (x86)\Common Files\Oracle\Java\java8path;C:\Program Files (x86)\Common Files\Oracle\Java\javapath;C:\Python312\Scripts\;C:\Python312\;C:\Program Files (x86)\Razer Chroma SDK\bin;C:\Program Files\Razer Chroma SDK\bin;C:\Program Files (x86)\Razer\ChromaBroadcast\bin;C:\Program Files\Razer\ChromaBroadcast\bin;C:\Windows\system32;C:\Windows;C:\Windows\System32\Wbem;C:\Windows\System32\WindowsPowerShell\v1.0\;C:\Windows\System32\OpenSSH\;C:\Program Files (x86)\NVIDIA Corporation\PhysX\Common;C:\Windows\system32\config\systemprofile\AppData\Local\Microsoft\WindowsApps;C:\Program Files\dotnet\;C:\Users\Yuriy\AppData\Local\Microsoft\WindowsApps;C:\Users\Yuriy\AppData\Local\Programs\Python\Python39;C:\Program Files\nodejs\;C:\ProgramData\chocolatey\bin;C:\Program Files\NVIDIA Corporation\NVIDIA app\NvDLISR;C:\Program Files\Git\cmd;C:\Program Files\apache-maven-3.9.9\bin;C:\Users\Yuriy\AppData\Local\Programs\Python\Python39\Scripts\;C:\Users\Yuriy\AppData\Local\Programs\Python\Python39\;C:\Users\Yuriy\AppData\Local\Programs\Python\Launcher\;C:\Users\Yuriy\AppData\Local\Microsoft\WindowsApps;C:\Users\Yuriy\AppData\Local\Programs\Microsoft VS Code\bin;C:\Users\Yuriy\AppData\Roaming\npm;C:\Program Files\JetBrains\IntelliJ IDEA Community Edition 2025.1\bin;;C:\Program Files\apache-maven-3.9.9\bin;;."/>
    <property name="java.vm.info" value="mixed mode"/>
    <property name="java.vendor" value="Amazon.com Inc."/>
    <property name="java.vm.version" value="11.0.27+6-LTS"/>
    <property name="java.specification.maintenance.version" value="3"/>
    <property name="sun.io.unicode.encoding" value="UnicodeLittle"/>
    <property name="java.class.version" value="55.0"/>
  </properties>
  <testcase name="getKittensWithParamsReturnCorrectNumbers" classname="FelineTest" time="0.005"/>
  <testcase name="getFamilyReturnCatsFamily" classname="FelineTest" time="0.003"/>
  <testcase name="eatMeetReturnMeetFoodList" classname="FelineTest" time="0.001"/>
  <testcase name="getKittensIsUsed" classname="FelineTest" time="0.015"/>
  <testcase name="getKittensReturnBasicParam" classname="FelineTest" time="0.001"/>
</testsuite>